<html>
<head>
<title>TestNG:  Test</title>
<link href="../testng.css" rel="stylesheet" type="text/css" />
<link href="../my-testng.css" rel="stylesheet" type="text/css" />

<style type="text/css">
.log { display: none;} 
.stack-trace { display: none;} 
</style>
<script type="text/javascript">
<!--
function flip(e) {
  current = e.style.display;
  if (current == 'block') {
    e.style.display = 'none';
    return 0;
  }
  else {
    e.style.display = 'block';
    return 1;
  }
}

function toggleBox(szDivId, elem, msg1, msg2)
{
  var res = -1;  if (document.getElementById) {
    res = flip(document.getElementById(szDivId));
  }
  else if (document.all) {
    // this is the way old msie versions work
    res = flip(document.all[szDivId]);
  }
  if(elem) {
    if(res == 0) elem.innerHTML = msg1; else elem.innerHTML = msg2;
  }

}

function toggleAllBoxes() {
  if (document.getElementsByTagName) {
    d = document.getElementsByTagName('div');
    for (i = 0; i < d.length; i++) {
      if (d[i].className == 'log') {
        flip(d[i]);
      }
    }
  }
}

// -->
</script>

</head>
<body>
<h2 align='center'>Test</h2><table border='1' align="center">
<tr>
<td>Tests passed/Failed/Skipped:</td><td>14/5/0</td>
</tr><tr>
<td>Started on:</td><td>Mon Feb 15 10:31:37 IST 2021</td>
</tr>
<tr><td>Total time:</td><td>2106 seconds (2106465 ms)</td>
</tr><tr>
<td>Included groups:</td><td></td>
</tr><tr>
<td>Excluded groups:</td><td></td>
</tr>
</table><p/>
<small><i>(Hover the method name to see the test class name)</i></small><p/>
<table width='100%' border='1' class='invocation-failed'>
<tr><td colspan='4' align='center'><b>FAILED TESTS</b></td></tr>
<tr><td><b>Test method</b></td>
<td width="30%"><b>Exception</b></td>
<td width="10%"><b>Time (seconds)</b></td>
<td><b>Instance</b></td>
</tr>
<tr>
<td title='FrameworkE2E.PurchaseInsurance_PahrOhneKids.Purchase_PrivateIns_PahrOhneKids_NotPublicServant_NotPensionar_NotDeductible()'><b>Purchase_PrivateIns_PahrOhneKids_NotPublicServant_NotPensionar_NotDeductible</b><br>Test class: FrameworkE2E.PurchaseInsurance_PahrOhneKids</td>
<td><div><pre>org.openqa.selenium.NoSuchElementException: no such element: Unable to locate element: {&quot;method&quot;:&quot;xpath&quot;,&quot;selector&quot;:&quot;//button[@class=&apos;ember-view _button_dsfphm _appearance-secondary_dsfphm _size-medium_dsfphm&apos;]&quot;}
  (Session info: chrome=88.0.4324.150)
For documentation on this error, please visit: https://www.seleniumhq.org/exceptions/no_such_element.html
Build info: version: &apos;3.141.59&apos;, revision: &apos;e82be7d358&apos;, time: &apos;2018-11-14T08:17:03&apos;
System info: host: &apos;DESKTOP-C89KGQR&apos;, ip: &apos;192.168.0.106&apos;, os.name: &apos;Windows 10&apos;, os.arch: &apos;amd64&apos;, os.version: &apos;10.0&apos;, java.version: &apos;15.0.1&apos;
Driver info: org.openqa.selenium.chrome.ChromeDriver
Capabilities {acceptInsecureCerts: false, browserName: chrome, browserVersion: 88.0.4324.150, chrome: {chromedriverVersion: 87.0.4280.88 (89e2380a3e36c..., userDataDir: C:\Users\hp\AppData\Local\T...}, goog:chromeOptions: {debuggerAddress: localhost:61031}, javascriptEnabled: true, networkConnectionEnabled: false, pageLoadStrategy: normal, platform: WINDOWS, platformName: WINDOWS, proxy: Proxy(), setWindowRect: true, strictFileInteractability: false, timeouts: {implicit: 0, pageLoad: 300000, script: 30000}, unhandledPromptBehavior: dismiss and notify, webauthn:virtualAuthenticators: true}
Session ID: 2f0f933f64ca04ebaae3169f96270e94
*** Element info: {Using=xpath, value=//button[@class=&apos;ember-view _button_dsfphm _appearance-secondary_dsfphm _size-medium_dsfphm&apos;]}
	at org.openqa.selenium.remote.http.W3CHttpResponseCodec.createException(W3CHttpResponseCodec.java:187)
	at org.openqa.selenium.remote.http.W3CHttpResponseCodec.decode(W3CHttpResponseCodec.java:122)
	at org.openqa.selenium.remote.http.W3CHttpResponseCodec.decode(W3CHttpResponseCodec.java:49)
	at org.openqa.selenium.remote.HttpCommandExecutor.execute(HttpCommandExecutor.java:158)
	at org.openqa.selenium.remote.service.DriverCommandExecutor.execute(DriverCommandExecutor.java:83)
	at org.openqa.selenium.remote.RemoteWebDriver.execute(RemoteWebDriver.java:552)
	at org.openqa.selenium.remote.RemoteWebDriver.findElement(RemoteWebDriver.java:323)
	at org.openqa.selenium.remote.RemoteWebDriver.findElementByXPath(RemoteWebDriver.java:428)
	at org.openqa.selenium.By$ByXPath.findElement(By.java:353)
	at org.openqa.selenium.remote.RemoteWebDriver.findElement(RemoteWebDriver.java:315)
	at Workflow.NonPublicServantWorkFlow.NotPublicServant(NonPublicServantWorkFlow.java:72)
	at FrameworkE2E.PurchaseInsurance_PahrOhneKids.Purchase_PrivateIns_PahrOhneKids_NotPublicServant_NotPensionar_NotDeductible(PurchaseInsurance_PahrOhneKids.java:79)
	at java.base/java.util.ArrayList.forEach(ArrayList.java:1511)
... Removed 31 stack frames</pre></div><a href='#' onClick='toggleBox("stack-trace2024934527", this, "Click to show all stack frames", "Click to hide stack frames")'>Click to show all stack frames</a>
<div class='stack-trace' id='stack-trace2024934527'><pre>org.openqa.selenium.NoSuchElementException: no such element: Unable to locate element: {&quot;method&quot;:&quot;xpath&quot;,&quot;selector&quot;:&quot;//button[@class=&apos;ember-view _button_dsfphm _appearance-secondary_dsfphm _size-medium_dsfphm&apos;]&quot;}
  (Session info: chrome=88.0.4324.150)
For documentation on this error, please visit: https://www.seleniumhq.org/exceptions/no_such_element.html
Build info: version: &apos;3.141.59&apos;, revision: &apos;e82be7d358&apos;, time: &apos;2018-11-14T08:17:03&apos;
System info: host: &apos;DESKTOP-C89KGQR&apos;, ip: &apos;192.168.0.106&apos;, os.name: &apos;Windows 10&apos;, os.arch: &apos;amd64&apos;, os.version: &apos;10.0&apos;, java.version: &apos;15.0.1&apos;
Driver info: org.openqa.selenium.chrome.ChromeDriver
Capabilities {acceptInsecureCerts: false, browserName: chrome, browserVersion: 88.0.4324.150, chrome: {chromedriverVersion: 87.0.4280.88 (89e2380a3e36c..., userDataDir: C:\Users\hp\AppData\Local\T...}, goog:chromeOptions: {debuggerAddress: localhost:61031}, javascriptEnabled: true, networkConnectionEnabled: false, pageLoadStrategy: normal, platform: WINDOWS, platformName: WINDOWS, proxy: Proxy(), setWindowRect: true, strictFileInteractability: false, timeouts: {implicit: 0, pageLoad: 300000, script: 30000}, unhandledPromptBehavior: dismiss and notify, webauthn:virtualAuthenticators: true}
Session ID: 2f0f933f64ca04ebaae3169f96270e94
*** Element info: {Using=xpath, value=//button[@class=&apos;ember-view _button_dsfphm _appearance-secondary_dsfphm _size-medium_dsfphm&apos;]}
	at jdk.internal.reflect.GeneratedConstructorAccessor29.newInstance(Unknown Source)
	at java.base/jdk.internal.reflect.DelegatingConstructorAccessorImpl.newInstance(DelegatingConstructorAccessorImpl.java:45)
	at java.base/java.lang.reflect.Constructor.newInstanceWithCaller(Constructor.java:500)
	at java.base/java.lang.reflect.Constructor.newInstance(Constructor.java:481)
	at org.openqa.selenium.remote.http.W3CHttpResponseCodec.createException(W3CHttpResponseCodec.java:187)
	at org.openqa.selenium.remote.http.W3CHttpResponseCodec.decode(W3CHttpResponseCodec.java:122)
	at org.openqa.selenium.remote.http.W3CHttpResponseCodec.decode(W3CHttpResponseCodec.java:49)
	at org.openqa.selenium.remote.HttpCommandExecutor.execute(HttpCommandExecutor.java:158)
	at org.openqa.selenium.remote.service.DriverCommandExecutor.execute(DriverCommandExecutor.java:83)
	at org.openqa.selenium.remote.RemoteWebDriver.execute(RemoteWebDriver.java:552)
	at org.openqa.selenium.remote.RemoteWebDriver.findElement(RemoteWebDriver.java:323)
	at org.openqa.selenium.remote.RemoteWebDriver.findElementByXPath(RemoteWebDriver.java:428)
	at org.openqa.selenium.By$ByXPath.findElement(By.java:353)
	at org.openqa.selenium.remote.RemoteWebDriver.findElement(RemoteWebDriver.java:315)
	at Workflow.NonPublicServantWorkFlow.NotPublicServant(NonPublicServantWorkFlow.java:72)
	at FrameworkE2E.PurchaseInsurance_PahrOhneKids.Purchase_PrivateIns_PahrOhneKids_NotPublicServant_NotPensionar_NotDeductible(PurchaseInsurance_PahrOhneKids.java:79)
	at java.base/jdk.internal.reflect.NativeMethodAccessorImpl.invoke0(Native Method)
	at java.base/jdk.internal.reflect.NativeMethodAccessorImpl.invoke(NativeMethodAccessorImpl.java:64)
	at java.base/jdk.internal.reflect.DelegatingMethodAccessorImpl.invoke(DelegatingMethodAccessorImpl.java:43)
	at java.base/java.lang.reflect.Method.invoke(Method.java:564)
	at org.testng.internal.MethodInvocationHelper.invokeMethod(MethodInvocationHelper.java:132)
	at org.testng.internal.TestInvoker.invokeMethod(TestInvoker.java:599)
	at org.testng.internal.TestInvoker.invokeTestMethod(TestInvoker.java:174)
	at org.testng.internal.MethodRunner.runInSequence(MethodRunner.java:46)
	at org.testng.internal.TestInvoker$MethodInvocationAgent.invoke(TestInvoker.java:822)
	at org.testng.internal.TestInvoker.invokeTestMethods(TestInvoker.java:147)
	at org.testng.internal.TestMethodWorker.invokeTestMethods(TestMethodWorker.java:146)
	at org.testng.internal.TestMethodWorker.run(TestMethodWorker.java:128)
	at java.base/java.util.ArrayList.forEach(ArrayList.java:1511)
	at org.testng.TestRunner.privateRun(TestRunner.java:764)
	at org.testng.TestRunner.run(TestRunner.java:585)
	at org.testng.SuiteRunner.runTest(SuiteRunner.java:384)
	at org.testng.SuiteRunner.runSequentially(SuiteRunner.java:378)
	at org.testng.SuiteRunner.privateRun(SuiteRunner.java:337)
	at org.testng.SuiteRunner.run(SuiteRunner.java:286)
	at org.testng.SuiteRunnerWorker.runSuite(SuiteRunnerWorker.java:53)
	at org.testng.SuiteRunnerWorker.run(SuiteRunnerWorker.java:96)
	at org.testng.TestNG.runSuitesSequentially(TestNG.java:1218)
	at org.testng.TestNG.runSuitesLocally(TestNG.java:1140)
	at org.testng.TestNG.runSuites(TestNG.java:1069)
	at org.testng.TestNG.run(TestNG.java:1037)
	at org.testng.remote.AbstractRemoteTestNG.run(AbstractRemoteTestNG.java:115)
	at org.testng.remote.RemoteTestNG.initAndRun(RemoteTestNG.java:251)
	at org.testng.remote.RemoteTestNG.main(RemoteTestNG.java:77)
</pre></div></td>
<td>80</td>
<td>FrameworkE2E.PurchaseInsurance_PahrOhneKids@765f05af</td></tr>
<tr>
<td title='FrameworkE2E.PurchaseInsurance_PahrOhneKids.Purchase_PrivateIns_PahrOhneKids_NotPublicServant_YesPensionar_YesDeductible()'><b>Purchase_PrivateIns_PahrOhneKids_NotPublicServant_YesPensionar_YesDeductible</b><br>Test class: FrameworkE2E.PurchaseInsurance_PahrOhneKids</td>
<td><div><pre>java.lang.IndexOutOfBoundsException: Index 0 out of bounds for length 0
	at java.base/jdk.internal.util.Preconditions.outOfBounds(Preconditions.java:64)
	at java.base/jdk.internal.util.Preconditions.outOfBoundsCheckIndex(Preconditions.java:70)
	at java.base/jdk.internal.util.Preconditions.checkIndex(Preconditions.java:248)
	at java.base/java.util.Objects.checkIndex(Objects.java:359)
	at java.base/java.util.ArrayList.get(ArrayList.java:427)
	at Workflow.NonPublicServantWorkFlow.NotPublicServant(NonPublicServantWorkFlow.java:59)
	at FrameworkE2E.PurchaseInsurance_PahrOhneKids.Purchase_PrivateIns_PahrOhneKids_NotPublicServant_YesPensionar_YesDeductible(PurchaseInsurance_PahrOhneKids.java:55)
	at java.base/java.util.ArrayList.forEach(ArrayList.java:1511)
... Removed 27 stack frames</pre></div><a href='#' onClick='toggleBox("stack-trace481444248", this, "Click to show all stack frames", "Click to hide stack frames")'>Click to show all stack frames</a>
<div class='stack-trace' id='stack-trace481444248'><pre>java.lang.IndexOutOfBoundsException: Index 0 out of bounds for length 0
	at java.base/jdk.internal.util.Preconditions.outOfBounds(Preconditions.java:64)
	at java.base/jdk.internal.util.Preconditions.outOfBoundsCheckIndex(Preconditions.java:70)
	at java.base/jdk.internal.util.Preconditions.checkIndex(Preconditions.java:248)
	at java.base/java.util.Objects.checkIndex(Objects.java:359)
	at java.base/java.util.ArrayList.get(ArrayList.java:427)
	at Workflow.NonPublicServantWorkFlow.NotPublicServant(NonPublicServantWorkFlow.java:59)
	at FrameworkE2E.PurchaseInsurance_PahrOhneKids.Purchase_PrivateIns_PahrOhneKids_NotPublicServant_YesPensionar_YesDeductible(PurchaseInsurance_PahrOhneKids.java:55)
	at java.base/jdk.internal.reflect.NativeMethodAccessorImpl.invoke0(Native Method)
	at java.base/jdk.internal.reflect.NativeMethodAccessorImpl.invoke(NativeMethodAccessorImpl.java:64)
	at java.base/jdk.internal.reflect.DelegatingMethodAccessorImpl.invoke(DelegatingMethodAccessorImpl.java:43)
	at java.base/java.lang.reflect.Method.invoke(Method.java:564)
	at org.testng.internal.MethodInvocationHelper.invokeMethod(MethodInvocationHelper.java:132)
	at org.testng.internal.TestInvoker.invokeMethod(TestInvoker.java:599)
	at org.testng.internal.TestInvoker.invokeTestMethod(TestInvoker.java:174)
	at org.testng.internal.MethodRunner.runInSequence(MethodRunner.java:46)
	at org.testng.internal.TestInvoker$MethodInvocationAgent.invoke(TestInvoker.java:822)
	at org.testng.internal.TestInvoker.invokeTestMethods(TestInvoker.java:147)
	at org.testng.internal.TestMethodWorker.invokeTestMethods(TestMethodWorker.java:146)
	at org.testng.internal.TestMethodWorker.run(TestMethodWorker.java:128)
	at java.base/java.util.ArrayList.forEach(ArrayList.java:1511)
	at org.testng.TestRunner.privateRun(TestRunner.java:764)
	at org.testng.TestRunner.run(TestRunner.java:585)
	at org.testng.SuiteRunner.runTest(SuiteRunner.java:384)
	at org.testng.SuiteRunner.runSequentially(SuiteRunner.java:378)
	at org.testng.SuiteRunner.privateRun(SuiteRunner.java:337)
	at org.testng.SuiteRunner.run(SuiteRunner.java:286)
	at org.testng.SuiteRunnerWorker.runSuite(SuiteRunnerWorker.java:53)
	at org.testng.SuiteRunnerWorker.run(SuiteRunnerWorker.java:96)
	at org.testng.TestNG.runSuitesSequentially(TestNG.java:1218)
	at org.testng.TestNG.runSuitesLocally(TestNG.java:1140)
	at org.testng.TestNG.runSuites(TestNG.java:1069)
	at org.testng.TestNG.run(TestNG.java:1037)
	at org.testng.remote.AbstractRemoteTestNG.run(AbstractRemoteTestNG.java:115)
	at org.testng.remote.RemoteTestNG.initAndRun(RemoteTestNG.java:251)
	at org.testng.remote.RemoteTestNG.main(RemoteTestNG.java:77)
</pre></div></td>
<td>240</td>
<td>FrameworkE2E.PurchaseInsurance_PahrOhneKids@765f05af</td></tr>
<tr>
<td title='FrameworkE2E.PurchaseInsurance_SingleMitKindern.Purchase_PrivateIns_SingleMitKindern_PublicServant_NoDeductible()'><b>Purchase_PrivateIns_SingleMitKindern_PublicServant_NoDeductible</b><br>Test class: FrameworkE2E.PurchaseInsurance_SingleMitKindern</td>
<td><div><pre>java.lang.IndexOutOfBoundsException: Index 0 out of bounds for length 0
	at java.base/jdk.internal.util.Preconditions.outOfBounds(Preconditions.java:64)
	at java.base/jdk.internal.util.Preconditions.outOfBoundsCheckIndex(Preconditions.java:70)
	at java.base/jdk.internal.util.Preconditions.checkIndex(Preconditions.java:248)
	at java.base/java.util.Objects.checkIndex(Objects.java:359)
	at java.base/java.util.ArrayList.get(ArrayList.java:427)
	at Workflow.PublicServantWorkFlow.PublicServant(PublicServantWorkFlow.java:56)
	at FrameworkE2E.PurchaseInsurance_SingleMitKindern.Purchase_PrivateIns_SingleMitKindern_PublicServant_NoDeductible(PurchaseInsurance_SingleMitKindern.java:69)
	at java.base/java.util.ArrayList.forEach(ArrayList.java:1511)
... Removed 27 stack frames</pre></div><a href='#' onClick='toggleBox("stack-trace2057000626", this, "Click to show all stack frames", "Click to hide stack frames")'>Click to show all stack frames</a>
<div class='stack-trace' id='stack-trace2057000626'><pre>java.lang.IndexOutOfBoundsException: Index 0 out of bounds for length 0
	at java.base/jdk.internal.util.Preconditions.outOfBounds(Preconditions.java:64)
	at java.base/jdk.internal.util.Preconditions.outOfBoundsCheckIndex(Preconditions.java:70)
	at java.base/jdk.internal.util.Preconditions.checkIndex(Preconditions.java:248)
	at java.base/java.util.Objects.checkIndex(Objects.java:359)
	at java.base/java.util.ArrayList.get(ArrayList.java:427)
	at Workflow.PublicServantWorkFlow.PublicServant(PublicServantWorkFlow.java:56)
	at FrameworkE2E.PurchaseInsurance_SingleMitKindern.Purchase_PrivateIns_SingleMitKindern_PublicServant_NoDeductible(PurchaseInsurance_SingleMitKindern.java:69)
	at java.base/jdk.internal.reflect.NativeMethodAccessorImpl.invoke0(Native Method)
	at java.base/jdk.internal.reflect.NativeMethodAccessorImpl.invoke(NativeMethodAccessorImpl.java:64)
	at java.base/jdk.internal.reflect.DelegatingMethodAccessorImpl.invoke(DelegatingMethodAccessorImpl.java:43)
	at java.base/java.lang.reflect.Method.invoke(Method.java:564)
	at org.testng.internal.MethodInvocationHelper.invokeMethod(MethodInvocationHelper.java:132)
	at org.testng.internal.TestInvoker.invokeMethod(TestInvoker.java:599)
	at org.testng.internal.TestInvoker.invokeTestMethod(TestInvoker.java:174)
	at org.testng.internal.MethodRunner.runInSequence(MethodRunner.java:46)
	at org.testng.internal.TestInvoker$MethodInvocationAgent.invoke(TestInvoker.java:822)
	at org.testng.internal.TestInvoker.invokeTestMethods(TestInvoker.java:147)
	at org.testng.internal.TestMethodWorker.invokeTestMethods(TestMethodWorker.java:146)
	at org.testng.internal.TestMethodWorker.run(TestMethodWorker.java:128)
	at java.base/java.util.ArrayList.forEach(ArrayList.java:1511)
	at org.testng.TestRunner.privateRun(TestRunner.java:764)
	at org.testng.TestRunner.run(TestRunner.java:585)
	at org.testng.SuiteRunner.runTest(SuiteRunner.java:384)
	at org.testng.SuiteRunner.runSequentially(SuiteRunner.java:378)
	at org.testng.SuiteRunner.privateRun(SuiteRunner.java:337)
	at org.testng.SuiteRunner.run(SuiteRunner.java:286)
	at org.testng.SuiteRunnerWorker.runSuite(SuiteRunnerWorker.java:53)
	at org.testng.SuiteRunnerWorker.run(SuiteRunnerWorker.java:96)
	at org.testng.TestNG.runSuitesSequentially(TestNG.java:1218)
	at org.testng.TestNG.runSuitesLocally(TestNG.java:1140)
	at org.testng.TestNG.runSuites(TestNG.java:1069)
	at org.testng.TestNG.run(TestNG.java:1037)
	at org.testng.remote.AbstractRemoteTestNG.run(AbstractRemoteTestNG.java:115)
	at org.testng.remote.RemoteTestNG.initAndRun(RemoteTestNG.java:251)
	at org.testng.remote.RemoteTestNG.main(RemoteTestNG.java:77)
</pre></div></td>
<td>220</td>
<td>FrameworkE2E.PurchaseInsurance_SingleMitKindern@62f68dff</td></tr>
<tr>
<td title='FrameworkE2E.PurchaseInsurance_Single.Purchase_PrivateIns_Single_NotPublicServant_YesPensionar_YesDeductible()'><b>Purchase_PrivateIns_Single_NotPublicServant_YesPensionar_YesDeductible</b><br>Test class: FrameworkE2E.PurchaseInsurance_Single</td>
<td><div><pre>java.lang.IndexOutOfBoundsException: Index 0 out of bounds for length 0
	at java.base/jdk.internal.util.Preconditions.outOfBounds(Preconditions.java:64)
	at java.base/jdk.internal.util.Preconditions.outOfBoundsCheckIndex(Preconditions.java:70)
	at java.base/jdk.internal.util.Preconditions.checkIndex(Preconditions.java:248)
	at java.base/java.util.Objects.checkIndex(Objects.java:359)
	at java.base/java.util.ArrayList.get(ArrayList.java:427)
	at Workflow.NonPublicServantWorkFlow.NotPublicServant(NonPublicServantWorkFlow.java:59)
	at FrameworkE2E.PurchaseInsurance_Single.Purchase_PrivateIns_Single_NotPublicServant_YesPensionar_YesDeductible(PurchaseInsurance_Single.java:55)
	at java.base/java.util.ArrayList.forEach(ArrayList.java:1511)
... Removed 27 stack frames</pre></div><a href='#' onClick='toggleBox("stack-trace1271141733", this, "Click to show all stack frames", "Click to hide stack frames")'>Click to show all stack frames</a>
<div class='stack-trace' id='stack-trace1271141733'><pre>java.lang.IndexOutOfBoundsException: Index 0 out of bounds for length 0
	at java.base/jdk.internal.util.Preconditions.outOfBounds(Preconditions.java:64)
	at java.base/jdk.internal.util.Preconditions.outOfBoundsCheckIndex(Preconditions.java:70)
	at java.base/jdk.internal.util.Preconditions.checkIndex(Preconditions.java:248)
	at java.base/java.util.Objects.checkIndex(Objects.java:359)
	at java.base/java.util.ArrayList.get(ArrayList.java:427)
	at Workflow.NonPublicServantWorkFlow.NotPublicServant(NonPublicServantWorkFlow.java:59)
	at FrameworkE2E.PurchaseInsurance_Single.Purchase_PrivateIns_Single_NotPublicServant_YesPensionar_YesDeductible(PurchaseInsurance_Single.java:55)
	at java.base/jdk.internal.reflect.NativeMethodAccessorImpl.invoke0(Native Method)
	at java.base/jdk.internal.reflect.NativeMethodAccessorImpl.invoke(NativeMethodAccessorImpl.java:64)
	at java.base/jdk.internal.reflect.DelegatingMethodAccessorImpl.invoke(DelegatingMethodAccessorImpl.java:43)
	at java.base/java.lang.reflect.Method.invoke(Method.java:564)
	at org.testng.internal.MethodInvocationHelper.invokeMethod(MethodInvocationHelper.java:132)
	at org.testng.internal.TestInvoker.invokeMethod(TestInvoker.java:599)
	at org.testng.internal.TestInvoker.invokeTestMethod(TestInvoker.java:174)
	at org.testng.internal.MethodRunner.runInSequence(MethodRunner.java:46)
	at org.testng.internal.TestInvoker$MethodInvocationAgent.invoke(TestInvoker.java:822)
	at org.testng.internal.TestInvoker.invokeTestMethods(TestInvoker.java:147)
	at org.testng.internal.TestMethodWorker.invokeTestMethods(TestMethodWorker.java:146)
	at org.testng.internal.TestMethodWorker.run(TestMethodWorker.java:128)
	at java.base/java.util.ArrayList.forEach(ArrayList.java:1511)
	at org.testng.TestRunner.privateRun(TestRunner.java:764)
	at org.testng.TestRunner.run(TestRunner.java:585)
	at org.testng.SuiteRunner.runTest(SuiteRunner.java:384)
	at org.testng.SuiteRunner.runSequentially(SuiteRunner.java:378)
	at org.testng.SuiteRunner.privateRun(SuiteRunner.java:337)
	at org.testng.SuiteRunner.run(SuiteRunner.java:286)
	at org.testng.SuiteRunnerWorker.runSuite(SuiteRunnerWorker.java:53)
	at org.testng.SuiteRunnerWorker.run(SuiteRunnerWorker.java:96)
	at org.testng.TestNG.runSuitesSequentially(TestNG.java:1218)
	at org.testng.TestNG.runSuitesLocally(TestNG.java:1140)
	at org.testng.TestNG.runSuites(TestNG.java:1069)
	at org.testng.TestNG.run(TestNG.java:1037)
	at org.testng.remote.AbstractRemoteTestNG.run(AbstractRemoteTestNG.java:115)
	at org.testng.remote.RemoteTestNG.initAndRun(RemoteTestNG.java:251)
	at org.testng.remote.RemoteTestNG.main(RemoteTestNG.java:77)
</pre></div></td>
<td>167</td>
<td>FrameworkE2E.PurchaseInsurance_Single@18cebaa5</td></tr>
<tr>
<td title='FrameworkE2E.PurchaseInsurance_Single.Purchase_PrivateIns_Single_PublicServant_YesDeductible()'><b>Purchase_PrivateIns_Single_PublicServant_YesDeductible</b><br>Test class: FrameworkE2E.PurchaseInsurance_Single</td>
<td><div><pre>java.lang.IndexOutOfBoundsException: Index 0 out of bounds for length 0
	at java.base/jdk.internal.util.Preconditions.outOfBounds(Preconditions.java:64)
	at java.base/jdk.internal.util.Preconditions.outOfBoundsCheckIndex(Preconditions.java:70)
	at java.base/jdk.internal.util.Preconditions.checkIndex(Preconditions.java:248)
	at java.base/java.util.Objects.checkIndex(Objects.java:359)
	at java.base/java.util.ArrayList.get(ArrayList.java:427)
	at Workflow.PublicServantWorkFlow.PublicServant(PublicServantWorkFlow.java:56)
	at FrameworkE2E.PurchaseInsurance_Single.Purchase_PrivateIns_Single_PublicServant_YesDeductible(PurchaseInsurance_Single.java:37)
	at java.base/java.util.ArrayList.forEach(ArrayList.java:1511)
... Removed 27 stack frames</pre></div><a href='#' onClick='toggleBox("stack-trace1275459643", this, "Click to show all stack frames", "Click to hide stack frames")'>Click to show all stack frames</a>
<div class='stack-trace' id='stack-trace1275459643'><pre>java.lang.IndexOutOfBoundsException: Index 0 out of bounds for length 0
	at java.base/jdk.internal.util.Preconditions.outOfBounds(Preconditions.java:64)
	at java.base/jdk.internal.util.Preconditions.outOfBoundsCheckIndex(Preconditions.java:70)
	at java.base/jdk.internal.util.Preconditions.checkIndex(Preconditions.java:248)
	at java.base/java.util.Objects.checkIndex(Objects.java:359)
	at java.base/java.util.ArrayList.get(ArrayList.java:427)
	at Workflow.PublicServantWorkFlow.PublicServant(PublicServantWorkFlow.java:56)
	at FrameworkE2E.PurchaseInsurance_Single.Purchase_PrivateIns_Single_PublicServant_YesDeductible(PurchaseInsurance_Single.java:37)
	at java.base/jdk.internal.reflect.NativeMethodAccessorImpl.invoke0(Native Method)
	at java.base/jdk.internal.reflect.NativeMethodAccessorImpl.invoke(NativeMethodAccessorImpl.java:64)
	at java.base/jdk.internal.reflect.DelegatingMethodAccessorImpl.invoke(DelegatingMethodAccessorImpl.java:43)
	at java.base/java.lang.reflect.Method.invoke(Method.java:564)
	at org.testng.internal.MethodInvocationHelper.invokeMethod(MethodInvocationHelper.java:132)
	at org.testng.internal.TestInvoker.invokeMethod(TestInvoker.java:599)
	at org.testng.internal.TestInvoker.invokeTestMethod(TestInvoker.java:174)
	at org.testng.internal.MethodRunner.runInSequence(MethodRunner.java:46)
	at org.testng.internal.TestInvoker$MethodInvocationAgent.invoke(TestInvoker.java:822)
	at org.testng.internal.TestInvoker.invokeTestMethods(TestInvoker.java:147)
	at org.testng.internal.TestMethodWorker.invokeTestMethods(TestMethodWorker.java:146)
	at org.testng.internal.TestMethodWorker.run(TestMethodWorker.java:128)
	at java.base/java.util.ArrayList.forEach(ArrayList.java:1511)
	at org.testng.TestRunner.privateRun(TestRunner.java:764)
	at org.testng.TestRunner.run(TestRunner.java:585)
	at org.testng.SuiteRunner.runTest(SuiteRunner.java:384)
	at org.testng.SuiteRunner.runSequentially(SuiteRunner.java:378)
	at org.testng.SuiteRunner.privateRun(SuiteRunner.java:337)
	at org.testng.SuiteRunner.run(SuiteRunner.java:286)
	at org.testng.SuiteRunnerWorker.runSuite(SuiteRunnerWorker.java:53)
	at org.testng.SuiteRunnerWorker.run(SuiteRunnerWorker.java:96)
	at org.testng.TestNG.runSuitesSequentially(TestNG.java:1218)
	at org.testng.TestNG.runSuitesLocally(TestNG.java:1140)
	at org.testng.TestNG.runSuites(TestNG.java:1069)
	at org.testng.TestNG.run(TestNG.java:1037)
	at org.testng.remote.AbstractRemoteTestNG.run(AbstractRemoteTestNG.java:115)
	at org.testng.remote.RemoteTestNG.initAndRun(RemoteTestNG.java:251)
	at org.testng.remote.RemoteTestNG.main(RemoteTestNG.java:77)
</pre></div></td>
<td>221</td>
<td>FrameworkE2E.PurchaseInsurance_Single@18cebaa5</td></tr>
</table><p>
<table width='100%' border='1' class='invocation-passed'>
<tr><td colspan='4' align='center'><b>PASSED TESTS</b></td></tr>
<tr><td><b>Test method</b></td>
<td width="30%"><b>Exception</b></td>
<td width="10%"><b>Time (seconds)</b></td>
<td><b>Instance</b></td>
</tr>
<tr>
<td title='FrameworkE2E.PurchaseInsurance_FamilieMitKindern.Purchase_PrivateIns_FamilieMitKindern_PublicServant_YesDeductible()'><b>Purchase_PrivateIns_FamilieMitKindern_PublicServant_YesDeductible</b><br>Test class: FrameworkE2E.PurchaseInsurance_FamilieMitKindern</td>
<td></td>
<td>34</td>
<td>FrameworkE2E.PurchaseInsurance_FamilieMitKindern@463b4ac8</td></tr>
<tr>
<td title='FrameworkE2E.PurchaseInsurance_PahrOhneKids.Purchase_PrivateIns_PahrOhneKids_NotPublicServant_NotPensionar_YesDeductible()'><b>Purchase_PrivateIns_PahrOhneKids_NotPublicServant_NotPensionar_YesDeductible</b><br>Test class: FrameworkE2E.PurchaseInsurance_PahrOhneKids</td>
<td></td>
<td>57</td>
<td>FrameworkE2E.PurchaseInsurance_PahrOhneKids@765f05af</td></tr>
<tr>
<td title='FrameworkE2E.PurchaseInsurance_PahrOhneKids.Purchase_PrivateIns_PahrOhneKids_NotPublicServant_YesPensionar_NoDeductible()'><b>Purchase_PrivateIns_PahrOhneKids_NotPublicServant_YesPensionar_NoDeductible</b><br>Test class: FrameworkE2E.PurchaseInsurance_PahrOhneKids</td>
<td></td>
<td>51</td>
<td>FrameworkE2E.PurchaseInsurance_PahrOhneKids@765f05af</td></tr>
<tr>
<td title='FrameworkE2E.PurchaseInsurance_PahrOhneKids.Purchase_PrivateIns_PahrOhneKids_PublicServant_NoDeductible()'><b>Purchase_PrivateIns_PahrOhneKids_PublicServant_NoDeductible</b><br>Test class: FrameworkE2E.PurchaseInsurance_PahrOhneKids</td>
<td></td>
<td>32</td>
<td>FrameworkE2E.PurchaseInsurance_PahrOhneKids@765f05af</td></tr>
<tr>
<td title='FrameworkE2E.PurchaseInsurance_PahrOhneKids.Purchase_PrivateIns_PahrOhneKids_PublicServant_YesDeductible()'><b>Purchase_PrivateIns_PahrOhneKids_PublicServant_YesDeductible</b><br>Test class: FrameworkE2E.PurchaseInsurance_PahrOhneKids</td>
<td></td>
<td>30</td>
<td>FrameworkE2E.PurchaseInsurance_PahrOhneKids@765f05af</td></tr>
<tr>
<td title='FrameworkE2E.PurchaseInsurance_SingleMitKindern.Purchase_PrivateIns_SingleMitKindern_NotPublicServant_NotPensionar_NotDeductible()'><b>Purchase_PrivateIns_SingleMitKindern_NotPublicServant_NotPensionar_NotDeductible</b><br>Test class: FrameworkE2E.PurchaseInsurance_SingleMitKindern</td>
<td></td>
<td>52</td>
<td>FrameworkE2E.PurchaseInsurance_SingleMitKindern@62f68dff</td></tr>
<tr>
<td title='FrameworkE2E.PurchaseInsurance_SingleMitKindern.Purchase_PrivateIns_SingleMitKindern_NotPublicServant_NotPensionar_YesDeductible()'><b>Purchase_PrivateIns_SingleMitKindern_NotPublicServant_NotPensionar_YesDeductible</b><br>Test class: FrameworkE2E.PurchaseInsurance_SingleMitKindern</td>
<td></td>
<td>68</td>
<td>FrameworkE2E.PurchaseInsurance_SingleMitKindern@62f68dff</td></tr>
<tr>
<td title='FrameworkE2E.PurchaseInsurance_SingleMitKindern.Purchase_PrivateIns_SingleMitKindern_NotPublicServant_YesPensionar_NoDeductible()'><b>Purchase_PrivateIns_SingleMitKindern_NotPublicServant_YesPensionar_NoDeductible</b><br>Test class: FrameworkE2E.PurchaseInsurance_SingleMitKindern</td>
<td></td>
<td>66</td>
<td>FrameworkE2E.PurchaseInsurance_SingleMitKindern@62f68dff</td></tr>
<tr>
<td title='FrameworkE2E.PurchaseInsurance_SingleMitKindern.Purchase_PrivateIns_SingleMitKindern_NotPublicServant_YesPensionar_YesDeductible()'><b>Purchase_PrivateIns_SingleMitKindern_NotPublicServant_YesPensionar_YesDeductible</b><br>Test class: FrameworkE2E.PurchaseInsurance_SingleMitKindern</td>
<td></td>
<td>53</td>
<td>FrameworkE2E.PurchaseInsurance_SingleMitKindern@62f68dff</td></tr>
<tr>
<td title='FrameworkE2E.PurchaseInsurance_SingleMitKindern.Purchase_PrivateIns_SingleMitKindern_PublicServant_YesDeductible()'><b>Purchase_PrivateIns_SingleMitKindern_PublicServant_YesDeductible</b><br>Test class: FrameworkE2E.PurchaseInsurance_SingleMitKindern</td>
<td></td>
<td>20</td>
<td>FrameworkE2E.PurchaseInsurance_SingleMitKindern@62f68dff</td></tr>
<tr>
<td title='FrameworkE2E.PurchaseInsurance_Single.Purchase_PrivateIns_Single_NotPublicServant_NotPensionar_NotDeductible()'><b>Purchase_PrivateIns_Single_NotPublicServant_NotPensionar_NotDeductible</b><br>Test class: FrameworkE2E.PurchaseInsurance_Single</td>
<td></td>
<td>91</td>
<td>FrameworkE2E.PurchaseInsurance_Single@18cebaa5</td></tr>
<tr>
<td title='FrameworkE2E.PurchaseInsurance_Single.Purchase_PrivateIns_Single_NotPublicServant_NotPensionar_YesDeductible()'><b>Purchase_PrivateIns_Single_NotPublicServant_NotPensionar_YesDeductible</b><br>Test class: FrameworkE2E.PurchaseInsurance_Single</td>
<td></td>
<td>69</td>
<td>FrameworkE2E.PurchaseInsurance_Single@18cebaa5</td></tr>
<tr>
<td title='FrameworkE2E.PurchaseInsurance_Single.Purchase_PrivateIns_Single_NotPublicServant_YesPensionar_NoDeductible()'><b>Purchase_PrivateIns_Single_NotPublicServant_YesPensionar_NoDeductible</b><br>Test class: FrameworkE2E.PurchaseInsurance_Single</td>
<td></td>
<td>52</td>
<td>FrameworkE2E.PurchaseInsurance_Single@18cebaa5</td></tr>
<tr>
<td title='FrameworkE2E.PurchaseInsurance_Single.Purchase_PrivateIns_Single_PublicServant_NoDeductible()'><b>Purchase_PrivateIns_Single_PublicServant_NoDeductible</b><br>Test class: FrameworkE2E.PurchaseInsurance_Single</td>
<td></td>
<td>42</td>
<td>FrameworkE2E.PurchaseInsurance_Single@18cebaa5</td></tr>
</table><p>
</body>
</html>