<?xml version="1.0" encoding="UTF-8"?>
<!-- Generated by org.testng.reporters.JUnitXMLReporter -->
<testsuite ignored="0" hostname="DESKTOP-C89KGQR" failures="1" tests="6" name="Validating User login" time="96.812" errors="0" timestamp="2021-02-06T07:20:46 IST">
  <testcase classname="FrameworkE2E.BookFlight" name="Autosuggest" time="6.484"/>
  <testcase classname="FrameworkE2E.BookFlight" name="Checkbox" time="0.301">
    <failure type="java.lang.AssertionError" message="expected [5] but found [6]">
      <![CDATA[java.lang.AssertionError: expected [5] but found [6]
at FrameworkE2E.BookFlight.Checkbox(BookFlight.java:139)
at java.base/java.util.ArrayList.forEach(ArrayList.java:1511)
... Removed 33 stack frames]]>
    </failure>
  </testcase> <!-- Checkbox -->
  <testcase classname="FrameworkE2E.BookFlight" name="DynamicDropdown" time="5.778"/>
  <testcase classname="FrameworkE2E.BookFlight" name="getcurrency" time="3.616"/>
  <testcase classname="FrameworkE2E.BookFlight" name="radioreturn" time="0.197"/>
  <testcase classname="FrameworkE2E.BookFlight" name="staticDropdown" time="2.963"/>
</testsuite> <!-- Validating User login -->
